<?xml version="1.0" encoding="UTF-8"?>
<<<<<<< HEAD
<testsuite xmlns:xsi="http://www.w3.org/2001/XMLSchema-instance" xsi:noNamespaceSchemaLocation="https://maven.apache.org/surefire/maven-surefire-plugin/xsd/surefire-test-report-3.0.xsd" version="3.0" name="org.example.testRunner.runners" time="76.568" tests="1" errors="0" skipped="0" failures="0">
=======
<testsuite xmlns:xsi="http://www.w3.org/2001/XMLSchema-instance" xsi:noNamespaceSchemaLocation="https://maven.apache.org/surefire/maven-surefire-plugin/xsd/surefire-test-report-3.0.xsd" version="3.0" name="org.example.testRunner.runners" time="42.255" tests="1" errors="0" skipped="0" failures="1">
>>>>>>> adf37fe (test)
  <properties>
    <property name="java.specification.version" value="18"/>
    <property name="webdriver.chrome.driver" value="C:\Users\QC-3\Downloads\SAK\src\main\resources\chromedriver.exe"/>
    <property name="sun.cpu.isalist" value="amd64"/>
    <property name="sun.jnu.encoding" value="Cp1252"/>
    <property name="java.class.path" value="C:\Users\QC-3\Downloads\SAK\target\test-classes;C:\Users\QC-3\Downloads\SAK\target\classes;C:\Users\QC-3\.m2\repository\org\slf4j\slf4j-api\2.0.7\slf4j-api-2.0.7.jar;C:\Users\QC-3\.m2\repository\org\slf4j\slf4j-simple\2.0.7\slf4j-simple-2.0.7.jar;C:\Users\QC-3\.m2\repository\org\seleniumhq\selenium\selenium-java\4.9.0\selenium-java-4.9.0.jar;C:\Users\QC-3\.m2\repository\org\seleniumhq\selenium\selenium-api\4.9.0\selenium-api-4.9.0.jar;C:\Users\QC-3\.m2\repository\org\seleniumhq\selenium\selenium-chrome-driver\4.9.0\selenium-chrome-driver-4.9.0.jar;C:\Users\QC-3\.m2\repository\org\seleniumhq\selenium\selenium-chromium-driver\4.9.0\selenium-chromium-driver-4.9.0.jar;C:\Users\QC-3\.m2\repository\org\seleniumhq\selenium\selenium-manager\4.9.0\selenium-manager-4.9.0.jar;C:\Users\QC-3\.m2\repository\org\seleniumhq\selenium\selenium-devtools-v110\4.9.0\selenium-devtools-v110-4.9.0.jar;C:\Users\QC-3\.m2\repository\org\seleniumhq\selenium\selenium-devtools-v111\4.9.0\selenium-devtools-v111-4.9.0.jar;C:\Users\QC-3\.m2\repository\org\seleniumhq\selenium\selenium-devtools-v112\4.9.0\selenium-devtools-v112-4.9.0.jar;C:\Users\QC-3\.m2\repository\org\seleniumhq\selenium\selenium-devtools-v85\4.9.0\selenium-devtools-v85-4.9.0.jar;C:\Users\QC-3\.m2\repository\org\seleniumhq\selenium\selenium-edge-driver\4.9.0\selenium-edge-driver-4.9.0.jar;C:\Users\QC-3\.m2\repository\org\seleniumhq\selenium\selenium-firefox-driver\4.9.0\selenium-firefox-driver-4.9.0.jar;C:\Users\QC-3\.m2\repository\org\seleniumhq\selenium\selenium-http\4.9.0\selenium-http-4.9.0.jar;C:\Users\QC-3\.m2\repository\dev\failsafe\failsafe\3.3.1\failsafe-3.3.1.jar;C:\Users\QC-3\.m2\repository\org\seleniumhq\selenium\selenium-ie-driver\4.9.0\selenium-ie-driver-4.9.0.jar;C:\Users\QC-3\.m2\repository\org\seleniumhq\selenium\selenium-remote-driver\4.9.0\selenium-remote-driver-4.9.0.jar;C:\Users\QC-3\.m2\repository\com\beust\jcommander\1.82\jcommander-1.82.jar;C:\Users\QC-3\.m2\repository\io\netty\netty-buffer\4.1.91.Final\netty-buffer-4.1.91.Final.jar;C:\Users\QC-3\.m2\repository\io\netty\netty-codec-http\4.1.91.Final\netty-codec-http-4.1.91.Final.jar;C:\Users\QC-3\.m2\repository\io\netty\netty-codec\4.1.91.Final\netty-codec-4.1.91.Final.jar;C:\Users\QC-3\.m2\repository\io\netty\netty-handler\4.1.91.Final\netty-handler-4.1.91.Final.jar;C:\Users\QC-3\.m2\repository\io\netty\netty-common\4.1.91.Final\netty-common-4.1.91.Final.jar;C:\Users\QC-3\.m2\repository\io\netty\netty-transport-classes-epoll\4.1.91.Final\netty-transport-classes-epoll-4.1.91.Final.jar;C:\Users\QC-3\.m2\repository\io\netty\netty-transport-classes-kqueue\4.1.91.Final\netty-transport-classes-kqueue-4.1.91.Final.jar;C:\Users\QC-3\.m2\repository\io\netty\netty-transport-native-epoll\4.1.91.Final\netty-transport-native-epoll-4.1.91.Final.jar;C:\Users\QC-3\.m2\repository\io\netty\netty-transport-native-kqueue\4.1.91.Final\netty-transport-native-kqueue-4.1.91.Final.jar;C:\Users\QC-3\.m2\repository\io\netty\netty-transport-native-unix-common\4.1.91.Final\netty-transport-native-unix-common-4.1.91.Final.jar;C:\Users\QC-3\.m2\repository\io\netty\netty-transport\4.1.91.Final\netty-transport-4.1.91.Final.jar;C:\Users\QC-3\.m2\repository\io\netty\netty-resolver\4.1.91.Final\netty-resolver-4.1.91.Final.jar;C:\Users\QC-3\.m2\repository\io\opentelemetry\opentelemetry-api\1.25.0\opentelemetry-api-1.25.0.jar;C:\Users\QC-3\.m2\repository\io\opentelemetry\opentelemetry-context\1.25.0\opentelemetry-context-1.25.0.jar;C:\Users\QC-3\.m2\repository\io\opentelemetry\opentelemetry-exporter-logging\1.25.0\opentelemetry-exporter-logging-1.25.0.jar;C:\Users\QC-3\.m2\repository\io\opentelemetry\opentelemetry-sdk-metrics\1.25.0\opentelemetry-sdk-metrics-1.25.0.jar;C:\Users\QC-3\.m2\repository\io\opentelemetry\opentelemetry-sdk-logs\1.25.0-alpha\opentelemetry-sdk-logs-1.25.0-alpha.jar;C:\Users\QC-3\.m2\repository\io\opentelemetry\opentelemetry-api-logs\1.25.0-alpha\opentelemetry-api-logs-1.25.0-alpha.jar;C:\Users\QC-3\.m2\repository\io\opentelemetry\opentelemetry-api-events\1.25.0-alpha\opentelemetry-api-events-1.25.0-alpha.jar;C:\Users\QC-3\.m2\repository\io\opentelemetry\opentelemetry-sdk-common\1.25.0\opentelemetry-sdk-common-1.25.0.jar;C:\Users\QC-3\.m2\repository\io\opentelemetry\opentelemetry-sdk-extension-autoconfigure-spi\1.25.0\opentelemetry-sdk-extension-autoconfigure-spi-1.25.0.jar;C:\Users\QC-3\.m2\repository\io\opentelemetry\opentelemetry-sdk-extension-autoconfigure\1.25.0-alpha\opentelemetry-sdk-extension-autoconfigure-1.25.0-alpha.jar;C:\Users\QC-3\.m2\repository\io\opentelemetry\opentelemetry-sdk-trace\1.25.0\opentelemetry-sdk-trace-1.25.0.jar;C:\Users\QC-3\.m2\repository\io\opentelemetry\opentelemetry-sdk\1.25.0\opentelemetry-sdk-1.25.0.jar;C:\Users\QC-3\.m2\repository\io\opentelemetry\opentelemetry-semconv\1.25.0-alpha\opentelemetry-semconv-1.25.0-alpha.jar;C:\Users\QC-3\.m2\repository\io\ous\jtoml\2.0.0\jtoml-2.0.0.jar;C:\Users\QC-3\.m2\repository\net\bytebuddy\byte-buddy\1.14.4\byte-buddy-1.14.4.jar;C:\Users\QC-3\.m2\repository\org\apache\commons\commons-exec\1.3\commons-exec-1.3.jar;C:\Users\QC-3\.m2\repository\org\asynchttpclient\async-http-client\2.12.3\async-http-client-2.12.3.jar;C:\Users\QC-3\.m2\repository\org\asynchttpclient\async-http-client-netty-utils\2.12.3\async-http-client-netty-utils-2.12.3.jar;C:\Users\QC-3\.m2\repository\io\netty\netty-codec-socks\4.1.60.Final\netty-codec-socks-4.1.60.Final.jar;C:\Users\QC-3\.m2\repository\io\netty\netty-handler-proxy\4.1.60.Final\netty-handler-proxy-4.1.60.Final.jar;C:\Users\QC-3\.m2\repository\io\netty\netty-transport-native-epoll\4.1.60.Final\netty-transport-native-epoll-4.1.60.Final-linux-x86_64.jar;C:\Users\QC-3\.m2\repository\io\netty\netty-transport-native-kqueue\4.1.60.Final\netty-transport-native-kqueue-4.1.60.Final-osx-x86_64.jar;C:\Users\QC-3\.m2\repository\org\reactivestreams\reactive-streams\1.0.3\reactive-streams-1.0.3.jar;C:\Users\QC-3\.m2\repository\com\typesafe\netty\netty-reactive-streams\2.0.4\netty-reactive-streams-2.0.4.jar;C:\Users\QC-3\.m2\repository\com\sun\activation\jakarta.activation\1.2.2\jakarta.activation-1.2.2.jar;C:\Users\QC-3\.m2\repository\org\seleniumhq\selenium\selenium-safari-driver\4.9.0\selenium-safari-driver-4.9.0.jar;C:\Users\QC-3\.m2\repository\org\seleniumhq\selenium\selenium-support\4.9.0\selenium-support-4.9.0.jar;C:\Users\QC-3\.m2\repository\org\seleniumhq\selenium\selenium-devtools-v108\4.7.2\selenium-devtools-v108-4.7.2.jar;C:\Users\QC-3\.m2\repository\com\google\auto\service\auto-service-annotations\1.0.1\auto-service-annotations-1.0.1.jar;C:\Users\QC-3\.m2\repository\com\google\auto\service\auto-service\1.0.1\auto-service-1.0.1.jar;C:\Users\QC-3\.m2\repository\com\google\auto\auto-common\1.2\auto-common-1.2.jar;C:\Users\QC-3\.m2\repository\com\google\guava\guava\31.1-jre\guava-31.1-jre.jar;C:\Users\QC-3\.m2\repository\com\google\guava\failureaccess\1.0.1\failureaccess-1.0.1.jar;C:\Users\QC-3\.m2\repository\com\google\guava\listenablefuture\9999.0-empty-to-avoid-conflict-with-guava\listenablefuture-9999.0-empty-to-avoid-conflict-with-guava.jar;C:\Users\QC-3\.m2\repository\com\google\code\findbugs\jsr305\3.0.2\jsr305-3.0.2.jar;C:\Users\QC-3\.m2\repository\org\checkerframework\checker-qual\3.12.0\checker-qual-3.12.0.jar;C:\Users\QC-3\.m2\repository\com\google\errorprone\error_prone_annotations\2.11.0\error_prone_annotations-2.11.0.jar;C:\Users\QC-3\.m2\repository\com\google\j2objc\j2objc-annotations\1.3\j2objc-annotations-1.3.jar;C:\Users\QC-3\.m2\repository\org\seleniumhq\selenium\selenium-json\4.7.2\selenium-json-4.7.2.jar;C:\Users\QC-3\.m2\repository\io\cucumber\cucumber-java\7.3.4\cucumber-java-7.3.4.jar;C:\Users\QC-3\.m2\repository\io\cucumber\cucumber-core\7.3.4\cucumber-core-7.3.4.jar;C:\Users\QC-3\.m2\repository\io\cucumber\cucumber-gherkin\7.3.4\cucumber-gherkin-7.3.4.jar;C:\Users\QC-3\.m2\repository\io\cucumber\cucumber-gherkin-messages\7.3.4\cucumber-gherkin-messages-7.3.4.jar;C:\Users\QC-3\.m2\repository\io\cucumber\gherkin\23.0.1\gherkin-23.0.1.jar;C:\Users\QC-3\.m2\repository\io\cucumber\messages\18.0.0\messages-18.0.0.jar;C:\Users\QC-3\.m2\repository\io\cucumber\tag-expressions\4.1.0\tag-expressions-4.1.0.jar;C:\Users\QC-3\.m2\repository\io\cucumber\cucumber-expressions\15.1.1\cucumber-expressions-15.1.1.jar;C:\Users\QC-3\.m2\repository\io\cucumber\datatable\7.3.4\datatable-7.3.4.jar;C:\Users\QC-3\.m2\repository\io\cucumber\cucumber-plugin\7.3.4\cucumber-plugin-7.3.4.jar;C:\Users\QC-3\.m2\repository\io\cucumber\docstring\7.3.4\docstring-7.3.4.jar;C:\Users\QC-3\.m2\repository\io\cucumber\html-formatter\19.1.0\html-formatter-19.1.0.jar;C:\Users\QC-3\.m2\repository\io\cucumber\ci-environment\9.0.4\ci-environment-9.0.4.jar;C:\Users\QC-3\.m2\repository\org\apiguardian\apiguardian-api\1.1.2\apiguardian-api-1.1.2.jar;C:\Users\QC-3\.m2\repository\io\cucumber\cucumber-testng\7.3.4\cucumber-testng-7.3.4.jar;C:\Users\QC-3\.m2\repository\org\testng\testng\7.5\testng-7.5.jar;C:\Users\QC-3\.m2\repository\org\webjars\jquery\3.5.1\jquery-3.5.1.jar;"/>
    <property name="java.vm.vendor" value="Amazon.com Inc."/>
    <property name="sun.arch.data.model" value="64"/>
    <property name="user.variant" value=""/>
    <property name="java.vendor.url" value="https://aws.amazon.com/corretto/"/>
    <property name="user.timezone" value="America/Los_Angeles"/>
    <property name="os.name" value="Windows Server 2012 R2"/>
    <property name="java.vm.specification.version" value="18"/>
    <property name="sun.java.launcher" value="SUN_STANDARD"/>
    <property name="user.country" value="US"/>
    <property name="sun.boot.library.path" value="C:\Users\QC-3\.jdks\corretto-18.0.2\bin"/>
<<<<<<< HEAD
    <property name="sun.java.command" value="C:\Users\QC-3\AppData\Local\Temp\2\surefire821101472532558702\surefirebooter13252652877774870526.jar C:\Users\QC-3\AppData\Local\Temp\2\surefire821101472532558702 2023-11-08T01-56-09_071-jvmRun1 surefire4613495530426533075tmp surefire_06695680493333124636tmp"/>
=======
    <property name="sun.java.command" value="C:\Users\QC-3\AppData\Local\Temp\2\surefire9269308317338588996\surefirebooter10837992039014311880.jar C:\Users\QC-3\AppData\Local\Temp\2\surefire9269308317338588996 2023-10-30T04-39-10_206-jvmRun1 surefire18083798413856443186tmp surefire_015517711283641319781tmp"/>
>>>>>>> adf37fe (test)
    <property name="jdk.debug" value="release"/>
    <property name="surefire.test.class.path" value="C:\Users\QC-3\Downloads\SAK\target\test-classes;C:\Users\QC-3\Downloads\SAK\target\classes;C:\Users\QC-3\.m2\repository\org\slf4j\slf4j-api\2.0.7\slf4j-api-2.0.7.jar;C:\Users\QC-3\.m2\repository\org\slf4j\slf4j-simple\2.0.7\slf4j-simple-2.0.7.jar;C:\Users\QC-3\.m2\repository\org\seleniumhq\selenium\selenium-java\4.9.0\selenium-java-4.9.0.jar;C:\Users\QC-3\.m2\repository\org\seleniumhq\selenium\selenium-api\4.9.0\selenium-api-4.9.0.jar;C:\Users\QC-3\.m2\repository\org\seleniumhq\selenium\selenium-chrome-driver\4.9.0\selenium-chrome-driver-4.9.0.jar;C:\Users\QC-3\.m2\repository\org\seleniumhq\selenium\selenium-chromium-driver\4.9.0\selenium-chromium-driver-4.9.0.jar;C:\Users\QC-3\.m2\repository\org\seleniumhq\selenium\selenium-manager\4.9.0\selenium-manager-4.9.0.jar;C:\Users\QC-3\.m2\repository\org\seleniumhq\selenium\selenium-devtools-v110\4.9.0\selenium-devtools-v110-4.9.0.jar;C:\Users\QC-3\.m2\repository\org\seleniumhq\selenium\selenium-devtools-v111\4.9.0\selenium-devtools-v111-4.9.0.jar;C:\Users\QC-3\.m2\repository\org\seleniumhq\selenium\selenium-devtools-v112\4.9.0\selenium-devtools-v112-4.9.0.jar;C:\Users\QC-3\.m2\repository\org\seleniumhq\selenium\selenium-devtools-v85\4.9.0\selenium-devtools-v85-4.9.0.jar;C:\Users\QC-3\.m2\repository\org\seleniumhq\selenium\selenium-edge-driver\4.9.0\selenium-edge-driver-4.9.0.jar;C:\Users\QC-3\.m2\repository\org\seleniumhq\selenium\selenium-firefox-driver\4.9.0\selenium-firefox-driver-4.9.0.jar;C:\Users\QC-3\.m2\repository\org\seleniumhq\selenium\selenium-http\4.9.0\selenium-http-4.9.0.jar;C:\Users\QC-3\.m2\repository\dev\failsafe\failsafe\3.3.1\failsafe-3.3.1.jar;C:\Users\QC-3\.m2\repository\org\seleniumhq\selenium\selenium-ie-driver\4.9.0\selenium-ie-driver-4.9.0.jar;C:\Users\QC-3\.m2\repository\org\seleniumhq\selenium\selenium-remote-driver\4.9.0\selenium-remote-driver-4.9.0.jar;C:\Users\QC-3\.m2\repository\com\beust\jcommander\1.82\jcommander-1.82.jar;C:\Users\QC-3\.m2\repository\io\netty\netty-buffer\4.1.91.Final\netty-buffer-4.1.91.Final.jar;C:\Users\QC-3\.m2\repository\io\netty\netty-codec-http\4.1.91.Final\netty-codec-http-4.1.91.Final.jar;C:\Users\QC-3\.m2\repository\io\netty\netty-codec\4.1.91.Final\netty-codec-4.1.91.Final.jar;C:\Users\QC-3\.m2\repository\io\netty\netty-handler\4.1.91.Final\netty-handler-4.1.91.Final.jar;C:\Users\QC-3\.m2\repository\io\netty\netty-common\4.1.91.Final\netty-common-4.1.91.Final.jar;C:\Users\QC-3\.m2\repository\io\netty\netty-transport-classes-epoll\4.1.91.Final\netty-transport-classes-epoll-4.1.91.Final.jar;C:\Users\QC-3\.m2\repository\io\netty\netty-transport-classes-kqueue\4.1.91.Final\netty-transport-classes-kqueue-4.1.91.Final.jar;C:\Users\QC-3\.m2\repository\io\netty\netty-transport-native-epoll\4.1.91.Final\netty-transport-native-epoll-4.1.91.Final.jar;C:\Users\QC-3\.m2\repository\io\netty\netty-transport-native-kqueue\4.1.91.Final\netty-transport-native-kqueue-4.1.91.Final.jar;C:\Users\QC-3\.m2\repository\io\netty\netty-transport-native-unix-common\4.1.91.Final\netty-transport-native-unix-common-4.1.91.Final.jar;C:\Users\QC-3\.m2\repository\io\netty\netty-transport\4.1.91.Final\netty-transport-4.1.91.Final.jar;C:\Users\QC-3\.m2\repository\io\netty\netty-resolver\4.1.91.Final\netty-resolver-4.1.91.Final.jar;C:\Users\QC-3\.m2\repository\io\opentelemetry\opentelemetry-api\1.25.0\opentelemetry-api-1.25.0.jar;C:\Users\QC-3\.m2\repository\io\opentelemetry\opentelemetry-context\1.25.0\opentelemetry-context-1.25.0.jar;C:\Users\QC-3\.m2\repository\io\opentelemetry\opentelemetry-exporter-logging\1.25.0\opentelemetry-exporter-logging-1.25.0.jar;C:\Users\QC-3\.m2\repository\io\opentelemetry\opentelemetry-sdk-metrics\1.25.0\opentelemetry-sdk-metrics-1.25.0.jar;C:\Users\QC-3\.m2\repository\io\opentelemetry\opentelemetry-sdk-logs\1.25.0-alpha\opentelemetry-sdk-logs-1.25.0-alpha.jar;C:\Users\QC-3\.m2\repository\io\opentelemetry\opentelemetry-api-logs\1.25.0-alpha\opentelemetry-api-logs-1.25.0-alpha.jar;C:\Users\QC-3\.m2\repository\io\opentelemetry\opentelemetry-api-events\1.25.0-alpha\opentelemetry-api-events-1.25.0-alpha.jar;C:\Users\QC-3\.m2\repository\io\opentelemetry\opentelemetry-sdk-common\1.25.0\opentelemetry-sdk-common-1.25.0.jar;C:\Users\QC-3\.m2\repository\io\opentelemetry\opentelemetry-sdk-extension-autoconfigure-spi\1.25.0\opentelemetry-sdk-extension-autoconfigure-spi-1.25.0.jar;C:\Users\QC-3\.m2\repository\io\opentelemetry\opentelemetry-sdk-extension-autoconfigure\1.25.0-alpha\opentelemetry-sdk-extension-autoconfigure-1.25.0-alpha.jar;C:\Users\QC-3\.m2\repository\io\opentelemetry\opentelemetry-sdk-trace\1.25.0\opentelemetry-sdk-trace-1.25.0.jar;C:\Users\QC-3\.m2\repository\io\opentelemetry\opentelemetry-sdk\1.25.0\opentelemetry-sdk-1.25.0.jar;C:\Users\QC-3\.m2\repository\io\opentelemetry\opentelemetry-semconv\1.25.0-alpha\opentelemetry-semconv-1.25.0-alpha.jar;C:\Users\QC-3\.m2\repository\io\ous\jtoml\2.0.0\jtoml-2.0.0.jar;C:\Users\QC-3\.m2\repository\net\bytebuddy\byte-buddy\1.14.4\byte-buddy-1.14.4.jar;C:\Users\QC-3\.m2\repository\org\apache\commons\commons-exec\1.3\commons-exec-1.3.jar;C:\Users\QC-3\.m2\repository\org\asynchttpclient\async-http-client\2.12.3\async-http-client-2.12.3.jar;C:\Users\QC-3\.m2\repository\org\asynchttpclient\async-http-client-netty-utils\2.12.3\async-http-client-netty-utils-2.12.3.jar;C:\Users\QC-3\.m2\repository\io\netty\netty-codec-socks\4.1.60.Final\netty-codec-socks-4.1.60.Final.jar;C:\Users\QC-3\.m2\repository\io\netty\netty-handler-proxy\4.1.60.Final\netty-handler-proxy-4.1.60.Final.jar;C:\Users\QC-3\.m2\repository\io\netty\netty-transport-native-epoll\4.1.60.Final\netty-transport-native-epoll-4.1.60.Final-linux-x86_64.jar;C:\Users\QC-3\.m2\repository\io\netty\netty-transport-native-kqueue\4.1.60.Final\netty-transport-native-kqueue-4.1.60.Final-osx-x86_64.jar;C:\Users\QC-3\.m2\repository\org\reactivestreams\reactive-streams\1.0.3\reactive-streams-1.0.3.jar;C:\Users\QC-3\.m2\repository\com\typesafe\netty\netty-reactive-streams\2.0.4\netty-reactive-streams-2.0.4.jar;C:\Users\QC-3\.m2\repository\com\sun\activation\jakarta.activation\1.2.2\jakarta.activation-1.2.2.jar;C:\Users\QC-3\.m2\repository\org\seleniumhq\selenium\selenium-safari-driver\4.9.0\selenium-safari-driver-4.9.0.jar;C:\Users\QC-3\.m2\repository\org\seleniumhq\selenium\selenium-support\4.9.0\selenium-support-4.9.0.jar;C:\Users\QC-3\.m2\repository\org\seleniumhq\selenium\selenium-devtools-v108\4.7.2\selenium-devtools-v108-4.7.2.jar;C:\Users\QC-3\.m2\repository\com\google\auto\service\auto-service-annotations\1.0.1\auto-service-annotations-1.0.1.jar;C:\Users\QC-3\.m2\repository\com\google\auto\service\auto-service\1.0.1\auto-service-1.0.1.jar;C:\Users\QC-3\.m2\repository\com\google\auto\auto-common\1.2\auto-common-1.2.jar;C:\Users\QC-3\.m2\repository\com\google\guava\guava\31.1-jre\guava-31.1-jre.jar;C:\Users\QC-3\.m2\repository\com\google\guava\failureaccess\1.0.1\failureaccess-1.0.1.jar;C:\Users\QC-3\.m2\repository\com\google\guava\listenablefuture\9999.0-empty-to-avoid-conflict-with-guava\listenablefuture-9999.0-empty-to-avoid-conflict-with-guava.jar;C:\Users\QC-3\.m2\repository\com\google\code\findbugs\jsr305\3.0.2\jsr305-3.0.2.jar;C:\Users\QC-3\.m2\repository\org\checkerframework\checker-qual\3.12.0\checker-qual-3.12.0.jar;C:\Users\QC-3\.m2\repository\com\google\errorprone\error_prone_annotations\2.11.0\error_prone_annotations-2.11.0.jar;C:\Users\QC-3\.m2\repository\com\google\j2objc\j2objc-annotations\1.3\j2objc-annotations-1.3.jar;C:\Users\QC-3\.m2\repository\org\seleniumhq\selenium\selenium-json\4.7.2\selenium-json-4.7.2.jar;C:\Users\QC-3\.m2\repository\io\cucumber\cucumber-java\7.3.4\cucumber-java-7.3.4.jar;C:\Users\QC-3\.m2\repository\io\cucumber\cucumber-core\7.3.4\cucumber-core-7.3.4.jar;C:\Users\QC-3\.m2\repository\io\cucumber\cucumber-gherkin\7.3.4\cucumber-gherkin-7.3.4.jar;C:\Users\QC-3\.m2\repository\io\cucumber\cucumber-gherkin-messages\7.3.4\cucumber-gherkin-messages-7.3.4.jar;C:\Users\QC-3\.m2\repository\io\cucumber\gherkin\23.0.1\gherkin-23.0.1.jar;C:\Users\QC-3\.m2\repository\io\cucumber\messages\18.0.0\messages-18.0.0.jar;C:\Users\QC-3\.m2\repository\io\cucumber\tag-expressions\4.1.0\tag-expressions-4.1.0.jar;C:\Users\QC-3\.m2\repository\io\cucumber\cucumber-expressions\15.1.1\cucumber-expressions-15.1.1.jar;C:\Users\QC-3\.m2\repository\io\cucumber\datatable\7.3.4\datatable-7.3.4.jar;C:\Users\QC-3\.m2\repository\io\cucumber\cucumber-plugin\7.3.4\cucumber-plugin-7.3.4.jar;C:\Users\QC-3\.m2\repository\io\cucumber\docstring\7.3.4\docstring-7.3.4.jar;C:\Users\QC-3\.m2\repository\io\cucumber\html-formatter\19.1.0\html-formatter-19.1.0.jar;C:\Users\QC-3\.m2\repository\io\cucumber\ci-environment\9.0.4\ci-environment-9.0.4.jar;C:\Users\QC-3\.m2\repository\org\apiguardian\apiguardian-api\1.1.2\apiguardian-api-1.1.2.jar;C:\Users\QC-3\.m2\repository\io\cucumber\cucumber-testng\7.3.4\cucumber-testng-7.3.4.jar;C:\Users\QC-3\.m2\repository\org\testng\testng\7.5\testng-7.5.jar;C:\Users\QC-3\.m2\repository\org\webjars\jquery\3.5.1\jquery-3.5.1.jar;"/>
    <property name="sun.cpu.endian" value="little"/>
    <property name="user.home" value="C:\Users\QC-3"/>
    <property name="user.language" value="en"/>
    <property name="java.specification.vendor" value="Oracle Corporation"/>
    <property name="java.version.date" value="2022-07-19"/>
    <property name="java.home" value="C:\Users\QC-3\.jdks\corretto-18.0.2"/>
    <property name="file.separator" value="\"/>
    <property name="basedir" value="C:\Users\QC-3\Downloads\SAK"/>
    <property name="java.vm.compressedOopsMode" value="32-bit"/>
    <property name="line.separator" value="&#10;"/>
    <property name="java.vm.specification.vendor" value="Oracle Corporation"/>
    <property name="java.specification.name" value="Java Platform API Specification"/>
<<<<<<< HEAD
    <property name="surefire.real.class.path" value="C:\Users\QC-3\AppData\Local\Temp\2\surefire821101472532558702\surefirebooter13252652877774870526.jar"/>
=======
    <property name="surefire.real.class.path" value="C:\Users\QC-3\AppData\Local\Temp\2\surefire9269308317338588996\surefirebooter10837992039014311880.jar"/>
>>>>>>> adf37fe (test)
    <property name="user.script" value=""/>
    <property name="sun.management.compiler" value="HotSpot 64-Bit Tiered Compilers"/>
    <property name="java.runtime.version" value="18.0.2+9-FR"/>
    <property name="user.name" value="QC-3"/>
    <property name="path.separator" value=";"/>
    <property name="os.version" value="6.3"/>
    <property name="java.runtime.name" value="OpenJDK Runtime Environment"/>
    <property name="file.encoding" value="UTF-8"/>
    <property name="java.vm.name" value="OpenJDK 64-Bit Server VM"/>
    <property name="java.vendor.version" value="Corretto-18.0.2.9.1"/>
    <property name="localRepository" value="C:\Users\QC-3\.m2\repository"/>
    <property name="java.vendor.url.bug" value="https://github.com/corretto/corretto-18/issues/"/>
    <property name="java.io.tmpdir" value="C:\Users\QC-3\AppData\Local\Temp\2\"/>
    <property name="idea.version" value="2023.2.4"/>
    <property name="java.version" value="18.0.2"/>
    <property name="user.dir" value="C:\Users\QC-3\Downloads\SAK"/>
    <property name="os.arch" value="amd64"/>
    <property name="java.vm.specification.name" value="Java Virtual Machine Specification"/>
    <property name="sun.os.patch.level" value=""/>
    <property name="native.encoding" value="Cp1252"/>
    <property name="java.library.path" value="C:\Users\QC-3\.jdks\corretto-18.0.2\bin;C:\Windows\Sun\Java\bin;C:\Windows\system32;C:\Windows;C:\Windows\system32;C:\Windows;C:\Windows\System32\Wbem;C:\Windows\System32\WindowsPowerShell\v1.0\;C:\Program Files\Git\cmd;."/>
    <property name="java.vm.info" value="mixed mode, sharing"/>
    <property name="java.vendor" value="Amazon.com Inc."/>
    <property name="java.vm.version" value="18.0.2+9-FR"/>
    <property name="sun.io.unicode.encoding" value="UnicodeLittle"/>
    <property name="java.class.version" value="62.0"/>
  </properties>
<<<<<<< HEAD
  <testcase name="runScenario" classname="org.example.testRunner.runners" time="75.212"/>
=======
  <testcase name="runScenario" classname="org.example.testRunner.runners" time="40.98">
    <failure message="javascript error: Cannot read properties of null (reading &apos;prototype&apos;)&#10;  (Session info: chrome=109.0.5414.168)&#10;Build info: version: &apos;4.9.0&apos;, revision: &apos;d7057100a6&apos;&#10;System info: os.name: &apos;Windows Server 2012 R2&apos;, os.arch: &apos;amd64&apos;, os.version: &apos;6.3&apos;, java.version: &apos;18.0.2&apos;&#10;Driver info: org.openqa.selenium.chrome.ChromeDriver&#10;Command: [421c6df082ae8f96ddfc13f3648dac0e, findElement {using=xpath, value=yesButton}]&#10;Capabilities {acceptInsecureCerts: false, browserName: chrome, browserVersion: 109.0.5414.168, chrome: {chromedriverVersion: 109.0.5414.74 (e7c5703604da..., userDataDir: C:\Users\QC-3\AppData\Local...}, goog:chromeOptions: {debuggerAddress: localhost:50488}, networkConnectionEnabled: false, pageLoadStrategy: normal, platformName: WINDOWS, proxy: Proxy(), se:cdp: ws://localhost:50488/devtoo..., se:cdpVersion: 109.0.5414.168, setWindowRect: true, strictFileInteractability: false, timeouts: {implicit: 0, pageLoad: 300000, script: 30000}, unhandledPromptBehavior: dismiss and notify, webauthn:extension:credBlob: true, webauthn:extension:largeBlob: true, webauthn:virtualAuthenticators: true}&#10;Session ID: 421c6df082ae8f96ddfc13f3648dac0e" type="org.openqa.selenium.JavascriptException"><![CDATA[org.openqa.selenium.JavascriptException: 
javascript error: Cannot read properties of null (reading 'prototype')
  (Session info: chrome=109.0.5414.168)
Build info: version: '4.9.0', revision: 'd7057100a6'
System info: os.name: 'Windows Server 2012 R2', os.arch: 'amd64', os.version: '6.3', java.version: '18.0.2'
Driver info: org.openqa.selenium.chrome.ChromeDriver
Command: [421c6df082ae8f96ddfc13f3648dac0e, findElement {using=xpath, value=yesButton}]
Capabilities {acceptInsecureCerts: false, browserName: chrome, browserVersion: 109.0.5414.168, chrome: {chromedriverVersion: 109.0.5414.74 (e7c5703604da..., userDataDir: C:\Users\QC-3\AppData\Local...}, goog:chromeOptions: {debuggerAddress: localhost:50488}, networkConnectionEnabled: false, pageLoadStrategy: normal, platformName: WINDOWS, proxy: Proxy(), se:cdp: ws://localhost:50488/devtoo..., se:cdpVersion: 109.0.5414.168, setWindowRect: true, strictFileInteractability: false, timeouts: {implicit: 0, pageLoad: 300000, script: 30000}, unhandledPromptBehavior: dismiss and notify, webauthn:extension:credBlob: true, webauthn:extension:largeBlob: true, webauthn:virtualAuthenticators: true}
Session ID: 421c6df082ae8f96ddfc13f3648dac0e
]]></failure>
    <system-out><![CDATA[tester7
http://192.168.1.111:8085/Master.html#/
خدمات التوثيق
http://192.168.1.111:8085/Master.html#/DOCUMENTATION_P/:12
البيع
http://192.168.1.111:8085/Master.html#/SALE/:15
بيع شركة / مؤسسة
http://192.168.1.111:8085/Master.html#/SALE_COMPANY/:28
46817
00000000215
Element is not visible yet

@smoke
Scenario: user could add new transactions for SALE_COMPANY                                                                                                 &amp#27;[90m# src/main/resources/features/SALE/F06_01_SALE_COMPANY.feature:15&amp#27;[0m
  &amp#27;[32mWhen &amp#27;[0m&amp#27;[32muser login with email &amp#27;[0m&amp#27;[32m&amp#27;[1m"tester7"&amp#27;[0m&amp#27;[32m and password &amp#27;[0m&amp#27;[32m&amp#27;[1m"P@ssw0rd"&amp#27;[0m                                                                                             &amp#27;[90m# org.example.stepDefs.First_Step.D02_loginStepDef.userLoginWithEmailAndPassword(java.lang.String,java.lang.String)&amp#27;[0m
  &amp#27;[32mAnd &amp#27;[0m&amp#27;[32muser press on login button&amp#27;[0m                                                                                                                           &amp#27;[90m# org.example.stepDefs.First_Step.D02_loginStepDef.userPressOnLoginButton()&amp#27;[0m
  &amp#27;[32mAnd &amp#27;[0m&amp#27;[32muser login to the system successfully by user &amp#27;[0m&amp#27;[32m&amp#27;[1m"tester7"&amp#27;[0m                                                                                              &amp#27;[90m# org.example.stepDefs.First_Step.D02_loginStepDef.userLoginToTheSystemSuccessfullyByUser(java.lang.String)&amp#27;[0m
  &amp#27;[32mAnd &amp#27;[0m&amp#27;[32muser click on Documentation&amp#27;[0m                                                                                                                          &amp#27;[90m# org.example.stepDefs.First_Step.D03_HomeStepDef.userClickOnDocumentation()&amp#27;[0m
  &amp#27;[32mThen &amp#27;[0m&amp#27;[32muser clicked on Documentation successfully&amp#27;[0m                                                                                                          &amp#27;[90m# org.example.stepDefs.First_Step.D03_HomeStepDef.userClickedOnDocumentationSuccessfully()&amp#27;[0m
  &amp#27;[32mWhen &amp#27;[0m&amp#27;[32muser click on SAlE&amp#27;[0m                                                                                                                                  &amp#27;[90m# org.example.stepDefs.First_Step.D04_DOCUMENTATION_PStepDef.userClickOnSAlE()&amp#27;[0m
  &amp#27;[32mAnd &amp#27;[0m&amp#27;[32muser clicked on SAlE successfully&amp#27;[0m                                                                                                                    &amp#27;[90m# org.example.stepDefs.First_Step.D04_DOCUMENTATION_PStepDef.userClickedOnSAlESuccessfully()&amp#27;[0m
  &amp#27;[32mWhen &amp#27;[0m&amp#27;[32muser click on SALE_COMPANY&amp#27;[0m                                                                                                                          &amp#27;[90m# org.example.stepDefs.First_Step.D06_SEALStepDef.userClickOnSALE_COMPANY()&amp#27;[0m
  &amp#27;[32mAnd &amp#27;[0m&amp#27;[32muser clicked on SALE_COMPANY successfully&amp#27;[0m                                                                                                            &amp#27;[90m# org.example.stepDefs.First_Step.D06_SEALStepDef.userClickedOnSALE_COMPANYSuccessfully()&amp#27;[0m
  &amp#27;[32mWhen &amp#27;[0m&amp#27;[32muser add the first Party with obj of index &amp#27;[0m&amp#27;[32m&amp#27;[1m"25"&amp#27;[0m&amp#27;[32m and id of index &amp#27;[0m&amp#27;[32m&amp#27;[1m"2"&amp#27;[0m&amp#27;[32m civilId equal &amp#27;[0m&amp#27;[32m&amp#27;[1m"230"&amp#27;[0m&amp#27;[32m  txtPercentFristParty &amp#27;[0m&amp#27;[32m&amp#27;[1m"5"&amp#27;[0m&amp#27;[32m and click on chkDepositFirstParty&amp#27;[0m &amp#27;[90m# org.example.stepDefs.SALE.D06_01_SALE_COMPANYStepDef.userAddTheFirstPartyWithObjOfIndexAndIdOfIndexCivilIdEqualTxtPercentFristPartyAndClickOnChkDepositFirstParty(java.lang.String,java.lang.String,java.lang.String,java.lang.String)&amp#27;[0m
  &amp#27;[32mAnd &amp#27;[0m&amp#27;[32muser click on add button and add new first Party successfully&amp#27;[0m                                                                                        &amp#27;[90m# org.example.stepDefs.POA.D05_01_POA_SPECIALStepDef.userClickOnAddButAndAddNewTransactionsSuccessfully()&amp#27;[0m
  &amp#27;[32mAnd &amp#27;[0m&amp#27;[32muser click on ShowChild btn and click on btnAddChildParty&amp#27;[0m                                                                                            &amp#27;[90m# org.example.stepDefs.SALE.D06_01_SALE_COMPANYStepDef.userClickOnShowChildBtnAndClickOnBtnAddChildParty()&amp#27;[0m
  &amp#27;[32mWhen &amp#27;[0m&amp#27;[32muser AddChildParty with adj of index &amp#27;[0m&amp#27;[32m&amp#27;[1m"1"&amp#27;[0m&amp#27;[32m and obj of index &amp#27;[0m&amp#27;[32m&amp#27;[1m"الرقم الشخصي"&amp#27;[0m&amp#27;[32m id equal &amp#27;[0m&amp#27;[32m&amp#27;[1m"00000000090"&amp#27;[0m&amp#27;[32m and click on save btn&amp#27;[0m                               &amp#27;[90m# org.example.stepDefs.SALE.D06_01_SALE_COMPANYStepDef.userAddChildPartyWithAdjOfIndexAndObjOfIndexIdEqualAndClickOnSaveBtn(java.lang.String,java.lang.String,java.lang.String)&amp#27;[0m
  &amp#27;[32mAnd &amp#27;[0m&amp#27;[32muser close first Party and open the second Party&amp#27;[0m                                                                                                     &amp#27;[90m# org.example.stepDefs.POA.D05_01_POA_SPECIALStepDef.userCloseFirstSideForPOA_SPECIALAndOpenTheSecondSideForPOA_SPECIAL()&amp#27;[0m
  &amp#27;[32mWhen &amp#27;[0m&amp#27;[32muser add the second Party with obj of index &amp#27;[0m&amp#27;[32m&amp#27;[1m"6"&amp#27;[0m&amp#27;[32m and id of index &amp#27;[0m&amp#27;[32m&amp#27;[1m"2"&amp#27;[0m&amp#27;[32m id equal &amp#27;[0m&amp#27;[32m&amp#27;[1m"00000000215"&amp#27;[0m&amp#27;[32m and civilId equal &amp#27;[0m&amp#27;[32m&amp#27;[1m"230"&amp#27;[0m&amp#27;[32m txtPercentFristParty &amp#27;[0m&amp#27;[32m&amp#27;[1m"5"&amp#27;[0m         &amp#27;[90m# org.example.stepDefs.SALE.D06_01_SALE_COMPANYStepDef.userAddTheSecondPartyWithObjOfIndexAndIdOfIndexIdEqualAndCivilIdEqualTxtPercentFristParty(java.lang.String,java.lang.String,java.lang.String,java.lang.String,java.lang.String)&amp#27;[0m
  &amp#27;[32mAnd &amp#27;[0m&amp#27;[32muser click on add button and add new second Party with id &amp#27;[0m&amp#27;[32m&amp#27;[1m"00000000215"&amp#27;[0m&amp#27;[32m successfully&amp#27;[0m                                                                 &amp#27;[90m# org.example.stepDefs.POA.D05_01_POA_SPECIALStepDef.userClickOnAddButtonAndAddNewSecondPartyWithIdSuccessfully(java.lang.String)&amp#27;[0m
  &amp#27;[32mAnd &amp#27;[0m&amp#27;[32muser close the second Party and open the model Nav&amp#27;[0m                                                                                                   &amp#27;[90m# org.example.stepDefs.POA.D05_01_POA_SPECIALStepDef.userCloseTheSecondPartyForPOA_SPECIALAndOpenTheSamplesNavForPOA_SPECIAL()&amp#27;[0m
  &amp#27;[32mWhen &amp#27;[0m&amp#27;[32muser add civilId_Num equal &amp#27;[0m&amp#27;[32m&amp#27;[1m"230"&amp#27;[0m&amp#27;[32m and SALE_VALUE_COMPANY equal &amp#27;[0m&amp#27;[32m&amp#27;[1m"3000"&amp#27;[0m&amp#27;[32m and click on add btn&amp#27;[0m                                                           &amp#27;[90m# org.example.stepDefs.SALE.D06_01_SALE_COMPANYStepDef.userAddCivilId_NumEqualAndSALE_VALUE_COMPANYEqual(java.lang.String,java.lang.String)&amp#27;[0m
  &amp#27;[32mAnd &amp#27;[0m&amp#27;[32muser enter text &amp#27;[0m&amp#27;[32m&amp#27;[1m" اضافة نص "&amp#27;[0m&amp#27;[32m in frame element&amp#27;[0m                                                                                                        &amp#27;[90m# org.example.stepDefs.SALE.D06_01_SALE_COMPANYStepDef.userEnterTextInFramElement(java.lang.String)&amp#27;[0m
  &amp#27;[32mAnd &amp#27;[0m&amp#27;[32muser click on save model btn&amp#27;[0m                                                                                                                         &amp#27;[90m# org.example.stepDefs.POA.D05_01_POA_SPECIALStepDef.userClickOnSaveModelBtn()&amp#27;[0m
  &amp#27;[32mAnd &amp#27;[0m&amp#27;[32muser click on btnViewTransaction&amp#27;[0m                                                                                                                     &amp#27;[90m# org.example.stepDefs.POA.D05_01_POA_SPECIALStepDef.userClickOnBtnViewTransaction()&amp#27;[0m
  &amp#27;[31mAnd &amp#27;[0m&amp#27;[31muser click on btnCollection&amp#27;[0m                                                                                                                          &amp#27;[90m# org.example.stepDefs.SALE.D06_01_SALE_COMPANYStepDef.userClickOnBtnCollection()&amp#27;[0m
      &amp#27;[31morg.openqa.selenium.JavascriptException: javascript error: Cannot read properties of null (reading 'prototype')
  (Session info: chrome=109.0.5414.168)
Build info: version: '4.9.0', revision: 'd7057100a6'
System info: os.name: 'Windows Server 2012 R2', os.arch: 'amd64', os.version: '6.3', java.version: '18.0.2'
Driver info: org.openqa.selenium.chrome.ChromeDriver
Command: [421c6df082ae8f96ddfc13f3648dac0e, findElement {using=xpath, value=yesButton}]
Capabilities {acceptInsecureCerts: false, browserName: chrome, browserVersion: 109.0.5414.168, chrome: {chromedriverVersion: 109.0.5414.74 (e7c5703604da..., userDataDir: C:\Users\QC-3\AppData\Local...}, goog:chromeOptions: {debuggerAddress: localhost:50488}, networkConnectionEnabled: false, pageLoadStrategy: normal, platformName: WINDOWS, proxy: Proxy(), se:cdp: ws://localhost:50488/devtoo..., se:cdpVersion: 109.0.5414.168, setWindowRect: true, strictFileInteractability: false, timeouts: {implicit: 0, pageLoad: 300000, script: 30000}, unhandledPr]]></system-out>
    <system-err><![CDATA[Starting ChromeDriver 109.0.5414.74 (e7c5703604daa9cc128ccf5a5d3e993513758913-refs/branch-heads/5414@{#1172}) on port 32384
Only local connections are allowed.
Please see https://chromedriver.chromium.org/security-considerations for suggestions on keeping ChromeDriver safe.
ChromeDriver was started successfully.
Oct 30, 2023 4:39:13 AM org.openqa.selenium.devtools.CdpVersionFinder findNearestMatch
WARNING: Unable to find an exact match for CDP version 109, so returning the closest version found: 108
]]></system-err>
  </testcase>
>>>>>>> adf37fe (test)
</testsuite>