<?xml version="1.0" encoding="UTF-8"?>
<!-- Generated by org.testng.reporters.JUnitReportReporter -->
<testsuite hostname="WIN-TICCKT848SF" failures="0" tests="1" name="org.example.testRunner.runners" time="146.382" errors="0" timestamp="2023-12-06T17:57:52 EET" skipped="0">
  <testcase classname="org.example.testRunner.runners" name="runScenario" time="146.382"/>
  <system-out/>
</testsuite> <!-- org.example.testRunner.runners -->
