<?xml version="1.0" encoding="UTF-8"?>
<!-- Generated by org.testng.reporters.JUnitReportReporter -->
<testsuite hostname="WIN-TICCKT848SF" failures="0" tests="1" name="org.example.testRunner.runners" time="13.995" errors="0" timestamp="2023-11-09T02:40:26 PST" skipped="0">
  <testcase classname="org.example.testRunner.runners" name="runScenario" time="13.995"/>
  <system-out/>
</testsuite> <!-- org.example.testRunner.runners -->
