<?xml version="1.0" encoding="UTF-8"?>
<!-- Generated by org.testng.reporters.JUnitReportReporter -->
<testsuite hostname="WIN-TICCKT848SF" failures="0" tests="1" name="org.example.testRunner.runners" time="56.726" errors="0" timestamp="2023-11-15T23:56:33 PST" skipped="0">
  <testcase classname="org.example.testRunner.runners" name="runScenario" time="56.726"/>
  <system-out/>
</testsuite> <!-- org.example.testRunner.runners -->
