<?xml version="1.0" encoding="UTF-8"?>
<!-- Generated by org.testng.reporters.JUnitReportReporter -->
<<<<<<< HEAD
<testsuite hostname="WIN-TICCKT848SF" failures="0" tests="1" name="org.example.testRunner.runners" time="75.192" errors="0" timestamp="2023-11-08T01:57:26 PST" skipped="0">
  <testcase classname="org.example.testRunner.runners" name="runScenario" time="75.192"/>
=======
<testsuite hostname="WIN-TICCKT848SF" failures="0" tests="1" name="org.example.testRunner.runners" time="40.937" errors="1" timestamp="2023-10-30T04:39:53 PDT" skipped="0">
  <testcase classname="org.example.testRunner.runners" name="runScenario" time="40.937">
    <error message="javascript error: Cannot read properties of null (reading &#039;prototype&#039;)
  (Session info: chrome=109.0.5414.168)
Build info: version: &#039;4.9.0&#039;, revision: &#039;d7057100a6&#039;
System info: os.name: &#039;Windows Server 2012 R2&#039;, os.arch: &#039;amd64&#039;, os.version: &#039;6.3&#039;, java.version: &#039;18.0.2&#039;
Driver info: org.openqa.selenium.chrome.ChromeDriver
Command: [421c6df082ae8f96ddfc13f3648dac0e, findElement {using=xpath, value=yesButton}]
Capabilities {acceptInsecureCerts: false, browserName: chrome, browserVersion: 109.0.5414.168, chrome: {chromedriverVersion: 109.0.5414.74 (e7c5703604da..., userDataDir: C:\Users\QC-3\AppData\Local...}, goog:chromeOptions: {debuggerAddress: localhost:50488}, networkConnectionEnabled: false, pageLoadStrategy: normal, platformName: WINDOWS, proxy: Proxy(), se:cdp: ws://localhost:50488/devtoo..., se:cdpVersion: 109.0.5414.168, setWindowRect: true, strictFileInteractability: false, timeouts: {implicit: 0, pageLoad: 300000, script: 30000}, unhandledPromptBehavior: dismiss and notify, webauthn:extension:credBlob: true, webauthn:extension:largeBlob: true, webauthn:virtualAuthenticators: true}
Session ID: 421c6df082ae8f96ddfc13f3648dac0e" type="org.openqa.selenium.JavascriptException">
      <![CDATA[org.openqa.selenium.JavascriptException: javascript error: Cannot read properties of null (reading 'prototype')
  (Session info: chrome=109.0.5414.168)
Build info: version: '4.9.0', revision: 'd7057100a6'
System info: os.name: 'Windows Server 2012 R2', os.arch: 'amd64', os.version: '6.3', java.version: '18.0.2'
Driver info: org.openqa.selenium.chrome.ChromeDriver
Command: [421c6df082ae8f96ddfc13f3648dac0e, findElement {using=xpath, value=yesButton}]
Capabilities {acceptInsecureCerts: false, browserName: chrome, browserVersion: 109.0.5414.168, chrome: {chromedriverVersion: 109.0.5414.74 (e7c5703604da..., userDataDir: C:\Users\QC-3\AppData\Local...}, goog:chromeOptions: {debuggerAddress: localhost:50488}, networkConnectionEnabled: false, pageLoadStrategy: normal, platformName: WINDOWS, proxy: Proxy(), se:cdp: ws://localhost:50488/devtoo..., se:cdpVersion: 109.0.5414.168, setWindowRect: true, strictFileInteractability: false, timeouts: {implicit: 0, pageLoad: 300000, script: 30000}, unhandledPromptBehavior: dismiss and notify, webauthn:extension:credBlob: true, webauthn:extension:largeBlob: true, webauthn:virtualAuthenticators: true}
Session ID: 421c6df082ae8f96ddfc13f3648dac0e
at java.base/jdk.internal.reflect.DirectConstructorHandleAccessor.newInstance(DirectConstructorHandleAccessor.java:67)
at java.base/java.lang.reflect.Constructor.newInstanceWithCaller(Constructor.java:499)
at java.base/java.lang.reflect.Constructor.newInstance(Constructor.java:483)
at org.openqa.selenium.remote.codec.w3c.W3CHttpResponseCodec.createException(W3CHttpResponseCodec.java:200)
at org.openqa.selenium.remote.codec.w3c.W3CHttpResponseCodec.decode(W3CHttpResponseCodec.java:133)
at org.openqa.selenium.remote.codec.w3c.W3CHttpResponseCodec.decode(W3CHttpResponseCodec.java:53)
at org.openqa.selenium.remote.HttpCommandExecutor.execute(HttpCommandExecutor.java:193)
at org.openqa.selenium.remote.service.DriverCommandExecutor.invokeExecute(DriverCommandExecutor.java:183)
at org.openqa.selenium.remote.service.DriverCommandExecutor.execute(DriverCommandExecutor.java:158)
at org.openqa.selenium.remote.RemoteWebDriver.execute(RemoteWebDriver.java:543)
at org.openqa.selenium.remote.ElementLocation$ElementFinder$2.findElement(ElementLocation.java:162)
at org.openqa.selenium.remote.ElementLocation.findElement(ElementLocation.java:60)
at org.openqa.selenium.remote.RemoteWebDriver.findElement(RemoteWebDriver.java:352)
at org.openqa.selenium.remote.RemoteWebDriver.findElement(RemoteWebDriver.java:344)
at org.example.pages.SALE.P06_01_SALE_COMPANY.yes_btn(P06_01_SALE_COMPANY.java:75)
at org.example.stepDefs.SALE.D06_01_SALE_COMPANYStepDef.userClickOnBtnCollection(D06_01_SALE_COMPANYStepDef.java:125)
at âœ½.user click on btnCollection(file:///C:/Users/QC-3/Downloads/SAK/src/main/resources/features/SALE/F06_01_SALE_COMPANY.feature:32)
]]>
    </error>
  </testcase> <!-- runScenario -->
>>>>>>> adf37fe (test)
  <system-out/>
</testsuite> <!-- org.example.testRunner.runners -->
