<?xml version="1.0" encoding="UTF-8"?>
<!-- Generated by org.testng.reporters.JUnitReportReporter -->
<testsuite hostname="DESKTOP-S7LSDB7" failures="0" tests="4" name="org.example.testRunner.runners" time="558.013" errors="1" timestamp="2023-10-24T11:05:54 EET" skipped="0">
  <testcase classname="org.example.testRunner.runners" name="runScenario" time="68.811">
    <error message="element click intercepted: Element &lt;input id=&quot;btnSignIn&quot; class=&quot;button&quot; type=&quot;submit&quot; ng-click=&quot;Login()&quot; value=&quot;تسجيل دخول&quot;&gt; is not clickable at point (759, 473). Other element would receive the click: &lt;div id=&quot;transparentGray&quot; style=&quot;top:0;left:0;position:absolute;width:100%;height:100%;background-color: gray;opacity:0.4;&quot;&gt;&lt;/div&gt;
  (Session info: chrome=118.0.5993.89)
Build info: version: &#039;4.9.0&#039;, revision: &#039;d7057100a6&#039;
System info: os.name: &#039;Windows 10&#039;, os.arch: &#039;amd64&#039;, os.version: &#039;10.0&#039;, java.version: &#039;18.0.2.1&#039;
Driver info: org.openqa.selenium.chrome.ChromeDriver
Command: [1e9b5e728315d8a2b5705b3c828981ab, clickElement {id=A4E9EFDACEEE0C451EA7DE292B94D5A4_element_15}]
Capabilities {acceptInsecureCerts: false, browserName: chrome, browserVersion: 118.0.5993.89, chrome: {chromedriverVersion: 118.0.5993.70 (e52f33f30b91..., userDataDir: C:\WINDOWS\SystemTemp\scope...}, fedcm:accounts: true, goog:chromeOptions: {debuggerAddress: localhost:52334}, networkConnectionEnabled: false, pageLoadStrategy: normal, platformName: WINDOWS, proxy: Proxy(), se:cdp: ws://localhost:52334/devtoo..., se:cdpVersion: 118.0.5993.89, setWindowRect: true, strictFileInteractability: false, timeouts: {implicit: 0, pageLoad: 300000, script: 30000}, unhandledPromptBehavior: dismiss and notify, webauthn:extension:credBlob: true, webauthn:extension:largeBlob: true, webauthn:extension:minPinLength: true, webauthn:extension:prf: true, webauthn:virtualAuthenticators: true}
Element: [[ChromeDriver: chrome on WINDOWS (1e9b5e728315d8a2b5705b3c828981ab)] -&gt; id: btnSignIn]
Session ID: 1e9b5e728315d8a2b5705b3c828981ab" type="org.openqa.selenium.ElementClickInterceptedException">
      <![CDATA[org.openqa.selenium.ElementClickInterceptedException: element click intercepted: Element <input id="btnSignIn" class="button" type="submit" ng-click="Login()" value="تسجيل دخول"> is not clickable at point (759, 473). Other element would receive the click: <div id="transparentGray" style="top:0;left:0;position:absolute;width:100%;height:100%;background-color: gray;opacity:0.4;"></div>
  (Session info: chrome=118.0.5993.89)
Build info: version: '4.9.0', revision: 'd7057100a6'
System info: os.name: 'Windows 10', os.arch: 'amd64', os.version: '10.0', java.version: '18.0.2.1'
Driver info: org.openqa.selenium.chrome.ChromeDriver
Command: [1e9b5e728315d8a2b5705b3c828981ab, clickElement {id=A4E9EFDACEEE0C451EA7DE292B94D5A4_element_15}]
Capabilities {acceptInsecureCerts: false, browserName: chrome, browserVersion: 118.0.5993.89, chrome: {chromedriverVersion: 118.0.5993.70 (e52f33f30b91..., userDataDir: C:\WINDOWS\SystemTemp\scope...}, fedcm:accounts: true, goog:chromeOptions: {debuggerAddress: localhost:52334}, networkConnectionEnabled: false, pageLoadStrategy: normal, platformName: WINDOWS, proxy: Proxy(), se:cdp: ws://localhost:52334/devtoo..., se:cdpVersion: 118.0.5993.89, setWindowRect: true, strictFileInteractability: false, timeouts: {implicit: 0, pageLoad: 300000, script: 30000}, unhandledPromptBehavior: dismiss and notify, webauthn:extension:credBlob: true, webauthn:extension:largeBlob: true, webauthn:extension:minPinLength: true, webauthn:extension:prf: true, webauthn:virtualAuthenticators: true}
Element: [[ChromeDriver: chrome on WINDOWS (1e9b5e728315d8a2b5705b3c828981ab)] -> id: btnSignIn]
Session ID: 1e9b5e728315d8a2b5705b3c828981ab
at java.base/jdk.internal.reflect.DirectConstructorHandleAccessor.newInstance(DirectConstructorHandleAccessor.java:67)
at java.base/java.lang.reflect.Constructor.newInstanceWithCaller(Constructor.java:499)
at java.base/java.lang.reflect.Constructor.newInstance(Constructor.java:483)
at org.openqa.selenium.remote.codec.w3c.W3CHttpResponseCodec.createException(W3CHttpResponseCodec.java:200)
at org.openqa.selenium.remote.codec.w3c.W3CHttpResponseCodec.decode(W3CHttpResponseCodec.java:133)
at org.openqa.selenium.remote.codec.w3c.W3CHttpResponseCodec.decode(W3CHttpResponseCodec.java:53)
at org.openqa.selenium.remote.HttpCommandExecutor.execute(HttpCommandExecutor.java:193)
at org.openqa.selenium.remote.service.DriverCommandExecutor.invokeExecute(DriverCommandExecutor.java:183)
at org.openqa.selenium.remote.service.DriverCommandExecutor.execute(DriverCommandExecutor.java:158)
at org.openqa.selenium.remote.RemoteWebDriver.execute(RemoteWebDriver.java:543)
at org.openqa.selenium.remote.RemoteWebElement.execute(RemoteWebElement.java:257)
at org.openqa.selenium.remote.RemoteWebElement.click(RemoteWebElement.java:78)
at org.example.stepDefs.First_Step.D02_loginStepDef.userPressOnLoginButton(D02_loginStepDef.java:32)
at ✽.user press on login button(file:///D:/informatique/SAK/code/SAK/src/main/resources/features/POA/F05_03_POA_TERMINATION.feature:5)
]]>
    </error>
  </testcase> <!-- runScenario -->
  <system-out/>
  <testcase classname="org.example.testRunner.runners" name="runScenario" time="136.873"/>
  <system-out/>
  <testcase classname="org.example.testRunner.runners" name="runScenario" time="173.704"/>
  <system-out/>
  <testcase classname="org.example.testRunner.runners" name="runScenario" time="178.625"/>
  <system-out/>
</testsuite> <!-- org.example.testRunner.runners -->
